0 info it worked if it ends with ok
1 verbose cli [ '/usr/local/opt/nvm/v0.10.33/bin/node',
1 verbose cli   '/usr/local/opt/nvm/v0.10.33/bin/npm',
1 verbose cli   'publish',
1 verbose cli   '--force' ]
2 info using npm@1.4.28
3 info using node@v0.10.33
4 verbose node symlink /usr/local/opt/nvm/v0.10.33/bin/node
5 warn using --force I sure hope you know what you are doing.
6 verbose publish [ '.' ]
7 verbose cache add [ '.', null ]
8 verbose cache add name=undefined spec="." args=[".",null]
9 verbose parsed url { protocol: null,
9 verbose parsed url   slashes: null,
9 verbose parsed url   auth: null,
9 verbose parsed url   host: null,
9 verbose parsed url   port: null,
9 verbose parsed url   hostname: null,
9 verbose parsed url   hash: null,
9 verbose parsed url   search: null,
9 verbose parsed url   query: null,
9 verbose parsed url   pathname: '.',
9 verbose parsed url   path: '.',
9 verbose parsed url   href: '.' }
10 silly lockFile 3a52ce78- .
11 verbose lock . /Users/ceubanks/.npm/3a52ce78-.lock
12 verbose tar pack [ '/Users/ceubanks/.npm/alto.js/0.0.2/package.tgz', '.' ]
13 verbose tarball /Users/ceubanks/.npm/alto.js/0.0.2/package.tgz
14 verbose folder .
15 info prepublish alto.js@0.0.2
16 silly lockFile 1f1177db-tar tar://.
17 verbose lock tar://. /Users/ceubanks/.npm/1f1177db-tar.lock
18 silly lockFile 58b3f56b-ks-npm-alto-js-0-0-2-package-tgz tar:///Users/ceubanks/.npm/alto.js/0.0.2/package.tgz
19 verbose lock tar:///Users/ceubanks/.npm/alto.js/0.0.2/package.tgz /Users/ceubanks/.npm/58b3f56b-ks-npm-alto-js-0-0-2-package-tgz.lock
20 silly lockFile 1f1177db-tar tar://.
21 silly lockFile 1f1177db-tar tar://.
22 silly lockFile 58b3f56b-ks-npm-alto-js-0-0-2-package-tgz tar:///Users/ceubanks/.npm/alto.js/0.0.2/package.tgz
23 silly lockFile 58b3f56b-ks-npm-alto-js-0-0-2-package-tgz tar:///Users/ceubanks/.npm/alto.js/0.0.2/package.tgz
24 silly lockFile b7216644-ubanks-npm-alto-js-0-0-2-package /Users/ceubanks/.npm/alto.js/0.0.2/package
25 verbose lock /Users/ceubanks/.npm/alto.js/0.0.2/package /Users/ceubanks/.npm/b7216644-ubanks-npm-alto-js-0-0-2-package.lock
26 silly lockFile b7216644-ubanks-npm-alto-js-0-0-2-package /Users/ceubanks/.npm/alto.js/0.0.2/package
27 silly lockFile b7216644-ubanks-npm-alto-js-0-0-2-package /Users/ceubanks/.npm/alto.js/0.0.2/package
28 silly lockFile 3a52ce78- .
29 silly lockFile 3a52ce78- .
30 silly publish { name: 'alto.js',
30 silly publish   version: '0.0.2',
30 silly publish   description: 'Alto.js:  Architectural design for modern applications',
30 silly publish   bin: { alto: './bin/alto' },
30 silly publish   keywords:
30 silly publish    [ 'mvc',
30 silly publish      'mvcs',
30 silly publish      'alto',
30 silly publish      'alto.js',
30 silly publish      'javascript framework',
30 silly publish      'thecodeboutique',
30 silly publish      'framework' ],
30 silly publish   contributors: [ { name: 'Chad Eubanks' } ],
30 silly publish   author: { name: 'thecodeboutique', email: 'contact@altojs.com' },
30 silly publish   repository: { type: 'git', url: 'https://github.com/AltoEngineering/cli' },
30 silly publish   engines: [ 'node >= 0.10.33' ],
30 silly publish   readme: '# Alto.js:\n\n“Architectural design for modern applications”',
30 silly publish   readmeFilename: 'README.md',
30 silly publish   bugs: { url: 'https://github.com/AltoEngineering/cli' },
30 silly publish   homepage: 'http://www.altojs.com',
30 silly publish   dependencies: { 'cli-color': '0.2.1', wrench: '1.5.8', string: '2.2.0' },
30 silly publish   gitHead: '051867663633dd16db45bbb48073f0a4aa640b89',
30 silly publish   _id: 'alto.js@0.0.2',
30 silly publish   scripts: {},
30 silly publish   _shasum: '4aa89e8b2f8678fef19ea8ab1dddc4c19894e7ee',
30 silly publish   _from: '.' }
31 verbose request where is /alto.js
32 verbose request registry http://thecodeboutique.registry.nodejitsu.com/
33 verbose request id 1a00b5ae5833f4dd
34 verbose url raw /alto.js
35 verbose url resolving [ 'http://thecodeboutique.registry.nodejitsu.com/',
35 verbose url resolving   './alto.js' ]
36 verbose url resolved http://thecodeboutique.registry.nodejitsu.com/alto.js
37 verbose request where is http://thecodeboutique.registry.nodejitsu.com/alto.js
38 info trying registry request attempt 1 at 11:02:58
39 http PUT http://thecodeboutique.registry.nodejitsu.com/alto.js
40 http 403 http://thecodeboutique.registry.nodejitsu.com/alto.js
41 verbose headers { server: 'CouchDB/1.5.0 (Erlang OTP/R15B03)',
41 verbose headers   date: 'Mon, 01 Dec 2014 16:03:00 GMT',
41 verbose headers   'content-type': 'application/json',
41 verbose headers   'content-length': '2678',
41 verbose headers   'cache-control': 'must-revalidate',
41 verbose headers   connection: 'close' }
42 error publish Failed PUT 403
43 error Error: forbidden cannot modify pre-existing version: 0.0.2
43 error old={"name":"alto.js","version":"0.0.2","description":"Alto.js:  Architectural design for modern applications","bin":{"alto":"./bin/alto"},"keywords":["mvc","mvcs","alto","alto.js","javascript framework","thecodeboutique","framework"],"contributors":[{"name":"Chad Eubanks"}],"author":{"name":"thecodeboutique","email":"contact@altojs.com"},"repository":{"type":"git","url":"https://github.com/AltoEngineering/cli"},"engines":["node >= 0.10.33"],"bugs":{"url":"https://github.com/AltoEngineering/cli"},"homepage":"http://www.altojs.com","dependencies":{"cli-color":"0.2.1","wrench":"1.5.8","string":"2.2.0"},"gitHead":"be926ea5a45cd7f1f4b9399cfdd00ed839729381","_id":"alto.js@0.0.2","scripts":{},"_shasum":"b1ae143ba09003190398d60d596d3e4550977dd2","_from":".","_npmVersion":"1.4.28","_npmUser":{"name":"ceubanks","email":"ceubanks@thecodeboutique.com"},"maintainers":[{"name":"ceubanks","email":"ceubanks@thecodeboutique.com"},{"name":"ryngrn","email":"info@ryngrn.com"}],"dist":{"shasum":"b1ae143ba09003190398d60d596d3e4550977dd2","tarball":"http://thecodeboutique.registry.nodejitsu.com/alto.js/-/alto.js-0.0.2.tgz"}}
43 error new={"name":"alto.js","version":"0.0.2","description":"Alto.js:  Architectural design for modern applications","bin":{"alto":"./bin/alto"},"keywords":["mvc","mvcs","alto","alto.js","javascript framework","thecodeboutique","framework"],"contributors":[{"name":"Chad Eubanks"}],"author":{"name":"thecodeboutique","email":"contact@altojs.com"},"repository":{"type":"git","url":"https://github.com/AltoEngineering/cli"},"engines":["node >= 0.10.33"],"readme":"# Alto.js:\n\n“Architectural design for modern applications”","readmeFilename":"README.md","bugs":{"url":"https://github.com/AltoEngineering/cli"},"homepage":"http://www.altojs.com","dependencies":{"cli-color":"0.2.1","wrench":"1.5.8","string":"2.2.0"},"gitHead":"051867663633dd16db45bbb48073f0a4aa640b89","_id":"alto.js@0.0.2","scripts":{},"_shasum":"4aa89e8b2f8678fef19ea8ab1dddc4c19894e7ee","_from":".","_npmVersion":"1.4.28","_npmUser":{"name":"ceubanks","email":"ceubanks@thecodeboutique.com"},"maintainers":[{"name":"ceubanks","email":"ceubanks@thecodeboutique.com"}],"dist":{"shasum":"4aa89e8b2f8678fef19ea8ab1dddc4c19894e7ee","tarball":"http://thecodeboutique.registry.nodejitsu.com/alto.js/-/alto.js-0.0.2.tgz"}}: alto.js
43 error     at RegClient.<anonymous> (/usr/local/Cellar/nvm/0.17.3/v0.10.33/lib/node_modules/npm/node_modules/npm-registry-client/lib/request.js:308:14)
43 error     at Request._callback (/usr/local/Cellar/nvm/0.17.3/v0.10.33/lib/node_modules/npm/node_modules/npm-registry-client/lib/request.js:246:65)
43 error     at Request.self.callback (/usr/local/Cellar/nvm/0.17.3/v0.10.33/lib/node_modules/npm/node_modules/request/request.js:236:22)
43 error     at Request.emit (events.js:98:17)
43 error     at Request.<anonymous> (/usr/local/Cellar/nvm/0.17.3/v0.10.33/lib/node_modules/npm/node_modules/request/request.js:1142:14)
43 error     at Request.emit (events.js:117:20)
43 error     at IncomingMessage.<anonymous> (/usr/local/Cellar/nvm/0.17.3/v0.10.33/lib/node_modules/npm/node_modules/request/request.js:1096:12)
43 error     at IncomingMessage.emit (events.js:117:20)
43 error     at _stream_readable.js:943:16
43 error     at process._tickCallback (node.js:419:13)
44 error If you need help, you may report this *entire* log,
44 error including the npm and node versions, at:
44 error     <http://github.com/npm/npm/issues>
45 error System Darwin 14.0.0
46 error command "/usr/local/opt/nvm/v0.10.33/bin/node" "/usr/local/opt/nvm/v0.10.33/bin/npm" "publish" "--force"
47 error cwd /Users/ceubanks/Desktop/alto_cli
48 error node -v v0.10.33
49 error npm -v 1.4.28
50 verbose exit [ 1, true ]
